<?xml version="1.0" encoding="UTF-8"?>
<!-- Generated by org.testng.reporters.JUnitReportReporter -->
<testsuite hostname="Asmita" failures="0" tests="1" name="com.ShopperStack.TestScript.Verify_user_is_able_to_Add_Address_or_not" time="18.987" errors="0" timestamp="2024-07-28T11:42:01 IST" skipped="0">
  <testcase classname="com.ShopperStack.TestScript.Verify_user_is_able_to_Add_Address_or_not" name="addAddress" time="18.987"/>
  <system-out/>
</testsuite> <!-- com.ShopperStack.TestScript.Verify_user_is_able_to_Add_Address_or_not -->
