<?xml version="1.0" encoding="UTF-8"?>
<!-- Generated by org.testng.reporters.JUnitReportReporter -->
<testsuite hostname="Asmita" failures="0" tests="1" name="com.ShopperStack.TestScript.Verify_user_is_able_to_delete_address_or_not" time="24.280" errors="0" timestamp="2024-07-28T11:42:41 IST" skipped="0">
  <testcase classname="com.ShopperStack.TestScript.Verify_user_is_able_to_delete_address_or_not" name="deleteAddress" time="24.280"/>
  <system-out/>
</testsuite> <!-- com.ShopperStack.TestScript.Verify_user_is_able_to_delete_address_or_not -->
